C51 COMPILER V9.56.0.0   LCD_12864                                                         02/27/2023 16:10:31 PAGE 1   


C51 COMPILER V9.56.0.0, COMPILATION OF MODULE LCD_12864
OBJECT MODULE PLACED IN LCD_12864.OBJ
COMPILER INVOKED BY: D:\Keil\C51\BIN\C51.exe LCD_12864.c DB OE BR LARGE INCDIR(E:\Study Soft\silicon\Inc;c:\SiLabs\MCU\I
                    -nc)

line level    source

   1          
   2          /*********************************************************************************************************
             -*
   3          **** 文件名：LCD_12864.c
   4          **** 
   5          **** 文件描述：LCD12864显示函数库
   6          ****               12864模块和单片机之间采用串行方式传输数据
   7          ****                    CS    ――              串行片选信号，高有效，此处硬件上已经将其接电源，忽略
   8          ****                SID   ――          串行数据线      连接至单片机P3.2口
   9          ****               SCLK   ――          串行时钟输入 连接至单片机P3.3口
  10          ****                    
  11          ****
  12          **** 创建人：FeiChen
  13          **** 
  14          **** 版本号：1.0
  15          **** 
  16          **** 修改记录：
  17          **** 
  18          **** 
  19          ****
  20          **********************************************************************************************************
             -*/
  21          
  22          
  23          
  24          #include "LCD_12864_H.h"
  25          
  26          
  27          /*************************************************************************************************
  28          *****
  29          ***** 函数名：void LCDSendCommand(unsigned char command_data) 
  30          *****
  31          ***** 入口参数：unsigned char command_data,发送的各种指令码
  32          *****
  33          *****
  34          ***** 功能描述：LCD写指令函数，
  35          *****                   SID   ――              串行数据线      连接至单片机P3.2口
  36          *****              SCLK   ――          串行时钟输入 连接至单片机P3.3口
  37          
  38          *****                   SID   ――              串行数据线      连接至单片机P3.3口
  39          *****              SCLK   ――          串行时钟输入 连接至单片机P3.4口
  40          *****                   串口传输时，发送指令模式代码：直接发送11111000同步码，不用分两次发送
  41          *****                                           发送1字节数据分成两个阶段发送：
  42          *****                                                   1、高4位数据+低4位全0封装成1字节
  43          *****                                                   2、低4位数据+低4位全0封装成1字节
  44          *****                   传输过程：1、先发送写指令模式代码11111000,"11111"同步字符，“RW、RS：00”写指令
  45          *****                                     2、然后发送各种指令代码。
  46          *****                   基本指令集RE=0
  47          *****                           指令名称                        控制信号                                        指令控制码
  48          *****
  49          *****                                                                   RS      R/W                             D7      D6      D5      D4      D3      D2      D1      D0
  50          *****                           
  51          *****                           清除显示                        0       0                               0       0       0       0       0       0       0       1
  52          *****
C51 COMPILER V9.56.0.0   LCD_12864                                                         02/27/2023 16:10:31 PAGE 2   

  53          *****                           地址归0                         0       0                               0       0       0       0       0       0       1       X
  54          *****                           
  55          *****                           进入设定点                      0       0                               0       0       0       0       0       1       I/D     S
  56          *****
  57          *****                           显示开关设置            0       0                               0       0       0       0       1       D       C       B
  58          *****
  59          *****                           移位设置                        0       0                               0       0       0       1       S/C     R/L     X       X
  60          *****
  61          *****                           功能设定                        0       0                               0       0       1       DL      X       0/RE X  X       
  62          *****   
  63          *****                           设定CGRAM地址           0       0                               0       1       A5      A4      A3      A2      A1      A0
  64          *****
  65          *****                           设定DDRAM地址           0       0                               1       0       A5      A4      A3      A2      A1      A0
  66          *****
  67          *****                           读忙标志和地址          0       1                               BF      A6      A5      A4      A3      A2      A1      A0
  68          *****
  69          *****                           写显示数据                      1       0                                               显示数据的编码
  70          *****
  71          *****                           读显示数据                      1       1                                               显示数据
  72          *****
  73          *****           扩展指令集略
  74          *****
  75          ***** 返回值：无
  76          *****
  77          ***** 作者：FeiChen
  78          **************************************************************************************************/
  79          
  80          void LCDSendCommand(unsigned char command_data) 
  81          { 
  82   1          unsigned char i; 
  83   1          unsigned char i_data,temp_data; 
  84   1          i_data = 0xf8;     // 11111000,"11111"同步字符，“RW、RS：00”写指令  
  85   1          Delay(10000);
  86   1          SCLK=0; 
  87   1      
  88   1      //先发送写指令控制码0xF8，此控制码直接发送即可
  89   1          for(i=0;i<8;i++) 
  90   1          { 
  91   2              if(i_data&0x80) SID=1;
  92   2                          else SID=0;
  93   2                      Delay(10);//Ray添加，解决花屏和乱码的关键语句
  94   2              SCLK=1;
  95   2              Delay(50);
  96   2              SCLK=0;
  97   2              Delay(50);
  98   2              i_data = i_data<<1; 
  99   2          } 
 100   1      //发送1字节指令码，需要封装成2字节数据发送
 101   1          i_data = command_data; 
 102   1      //保存指令码高四位
 103   1          i_data &= 0xf0; 
 104   1      //发送高4位数据
 105   1          for(i=0;i<8;i++) 
 106   1          { 
 107   2              if(i_data&0x80) SID=1;
 108   2                         else SID=0;
 109   2                      Delay(10);//Ray添加，解决花屏和乱码的关键语句
 110   2              SCLK=1; 
 111   2              Delay(50);
 112   2              SCLK=0; 
 113   2              Delay(50);
 114   2              i_data = i_data<<1; 
C51 COMPILER V9.56.0.0   LCD_12864                                                         02/27/2023 16:10:31 PAGE 3   

 115   2          } 
 116   1      
 117   1      
 118   1          i_data = command_data; 
 119   1      //保存指令码低四位 
 120   1          temp_data = i_data & 0x0f; 
 121   1          i_data = temp_data << 4; 
 122   1      //发送低4位数据
 123   1          for(i=0;i<8;i++) 
 124   1          { 
 125   2              if(i_data&0x80) SID=1;
 126   2                         else SID=0;
 127   2                      Delay(10);//Ray添加，解决花屏和乱码的关键语句
 128   2              SCLK=1; 
 129   2              Delay(50);
 130   2              SCLK=0; 
 131   2              Delay(50);
 132   2              i_data = i_data<<1; 
 133   2          } 
 134   1      }
 135          /*************************************************************************************************
 136          *****
 137          ***** 函数名：void LCDSendData(unsigned char command_data) 
 138          *****
 139          ***** 入口参数：unsigned char command_data,发送的一字节数据
 140          *****
 141          *****
 142          ***** 功能描述：LCD写数据函数，
 143          *****                   SID   ――              串行数据线      连接至单片机P3.2口
 144          *****              SCLK   ――          串行时钟输入 连接至单片机P3.3口
 145          *****                   串口传输时，发送控制码：直接发送11111010同步码，不用分两次发送
 146          *****                                           发送1字节数据分成两个阶段发送：
 147          *****                                                   1、高4位数据+低4位全0封装成1字节
 148          *****                                                   2、低4位数据+低4位全0封装成1字节
 149          *****                           指令名称                        控制信号                                        指令控制码
 150          *****
 151          *****                                                                   RS      R/W                             D7      D6      D5      D4      D3      D2      D1      D0
 152          *****                           写显示数据                      1       0                                               显示数据的编码
 153          *****
 154          ***** 返回值：无
 155          *****
 156          ***** 作者：FeiChen
 157          **************************************************************************************************/
 158          void LCDSendData(unsigned char command_data) 
 159          { 
 160   1          unsigned char i; 
 161   1          unsigned char i_data,temp_data; 
 162   1          i_data = 0xfa;    //11111010,"11111"同步字符，“RW、RS：01”写数据    
 163   1          Delay(10000);
 164   1          SCLK=0;
 165   1              //先发送写指令控制码0xFA，此控制码直接发送即可
 166   1          for(i=0;i<8;i++) 
 167   1          { 
 168   2              if(i_data&0x80) SID=1;
 169   2                         else SID=0;
 170   2                      Delay(10);//Ray添加，解决花屏和乱码的关键语句
 171   2              SCLK=1;
 172   2              Delay(50);
 173   2              SCLK=0; 
 174   2              Delay(50);
 175   2              i_data=i_data<<1; 
 176   2           }
C51 COMPILER V9.56.0.0   LCD_12864                                                         02/27/2023 16:10:31 PAGE 4   

 177   1               //发送1字节数据，需要封装成2字节数据发送 
 178   1          i_data=command_data; 
 179   1              //保存数据高4位
 180   1          i_data&=0xf0;
 181   1              //发送高4位数据 
 182   1          for(i=0;i<8;i++) 
 183   1          { 
 184   2              if(i_data&0x80) SID=1;
 185   2                         else SID=0;
 186   2                      Delay(10);//Ray添加，解决花屏和乱码的关键语句
 187   2              SCLK=1;
 188   2              Delay(50);
 189   2              SCLK=0;
 190   2              Delay(50);
 191   2              i_data=i_data<<1; 
 192   2          } 
 193   1          i_data=command_data; 
 194   1              //保存数据低4位
 195   1          temp_data=i_data&0x0f; 
 196   1          i_data=temp_data<<4; 
 197   1              //发送低4位数据
 198   1          for(i=0;i<8;i++) 
 199   1          { 
 200   2              
 201   2              if(i_data&0x80) SID=1;
 202   2                         else SID=0;
 203   2                      Delay(10);//Ray添加，解决花屏和乱码的关键语句
 204   2              SCLK=1;
 205   2              Delay(50);
 206   2              SCLK=0; 
 207   2              Delay(50);
 208   2              i_data=i_data<<1; 
 209   2          }  
 210   1      }
 211          /*************************************************************************************************
 212          *****
 213          ***** 函数名：void LCD12864_Init(void)
 214          *****
 215          ***** 入口参数：无
 216          *****
 217          *****
 218          ***** 功能描述：LCD初始化函数，配置对应端口推挽输出
 219          *****                   SID   ――              串行数据线      连接至单片机P3.2口
 220          *****              SCLK   ――          串行时钟输入 连接至单片机P3.3口
 221          *****                   进行显示屏功能设置，设定点，显示设定，清显示    
 222          *****                                   
 223          *****
 224          ***** 返回值：无
 225          *****
 226          ***** 作者：FeiChen
 227          **************************************************************************************************/
 228          
 229          void LCD12864_Init(void) 
 230          {    
 231   1              Delay(50000);
 232   1              Delay(50000);                   //等待一个延时，使得12864屏电压稳定，才开始初始化
 233   1          
 234   1          LCDSendCommand(0x30);     // 功能设置:一次送8位数据,基本指令集
 235   1          LCDSendCommand(0x06);     // 点设定:显示字符/光标从左到右移位,DDRAM地址加1 
 236   1          LCDSendCommand(0x0c);     // 显示设定:开显示,不显示光标,正常显示不反白 
 237   1          LCDSendCommand(0x01);     // 清DDRAM 
 238   1      }
C51 COMPILER V9.56.0.0   LCD_12864                                                         02/27/2023 16:10:31 PAGE 5   

 239          
 240          /*************************************************************************************************
 241          *****
 242          ***** 函数名：void DisplayChinese(uc row,uc col,uc cara_one,uc cara_two)
 243          *****
 244          ***** 入口参数：uc row――显示的行数，取值范围1-4
 245          *****                   uc col――显示的列数，取值范围0-7
 246          *****                   uc cara_one――中文汉字编码高8位字节
 247          *****                   uc cara_two――中文汉字编码低8位字节
 248          ***** 
 249          ***** 功能描述：LCD显示中文汉字函数，调用此函数可设置在第几行、第几列显示中文汉字               
 250          *****                                                   
 251          *****
 252          ***** 返回值：无
 253          *****
 254          ***** 作者：FeiChen
 255          **************************************************************************************************/
 256          void DisplayChinese(uc row,uc col,uc cara_one,uc cara_two)
 257          {
 258   1          
 259   1          LCDSendCommand(0x02);
 260   1              if(row==1)
 261   1                 {
 262   2                      LCDSendCommand(0x80|col);
 263   2              
 264   2                 }
 265   1              if(row==2)
 266   1                 {
 267   2                      LCDSendCommand(0x90|col);
 268   2                 }
 269   1              if(row==3)
 270   1                 {
 271   2                      LCDSendCommand(0x88|col);
 272   2                 }
 273   1              if(row==4)
 274   1                 {
 275   2                      LCDSendCommand(0x98|col);
 276   2                 } 
 277   1              LCDSendData(cara_one);
 278   1              LCDSendData(cara_two);
 279   1              
 280   1      }
 281          
 282          /*************************************************************************************************
 283          *****
 284          ***** 函数名：void LcdDisplay12864(unsigned char row,unsigned char col,uc * str,bit onoff,unsigned int dat
             -a_input)
 285          *****
 286          ***** 入口参数：unsigned char row――显示的行数，取值范围1-4
 287          *****                   unsigned char col――显示的列数，取值范围0-15
 288          *****                   uc * str――显示的英文字符串
 289          *****                   uc unsigned int data_input――显示的整数值
 290          ***** 
 291          ***** 功能描述：LCD显示中文汉字函数，调用此函数可设置在第几行、第几列显示英文字符串和整数;              
 292          *****                   调试用，可用来显示复眼通道号和相应最大值                                
 293          *****
 294          ***** 返回值：无
 295          *****
 296          ***** 作者：FeiChen
 297          **************************************************************************************************/
 298          void LcdDisplay12864(unsigned char row,unsigned char col,uc * str,bit onoff,unsigned int data_input)
 299          {
C51 COMPILER V9.56.0.0   LCD_12864                                                         02/27/2023 16:10:31 PAGE 6   

 300   1              
 301   1              LCDSendCommand(0x02);
 302   1              switch(row)
 303   1              {
 304   2                      case 1:
 305   2                      {
 306   3                              LCDSendCommand(0x80|col);
 307   3                              while(*str)
 308   3                              {
 309   4                              LCDSendData(*str++);
 310   4                              
 311   4                              }
 312   3                      }break;
 313   2                      case 2:
 314   2                      {
 315   3                              LCDSendCommand(0x90|col);
 316   3                              while(*str)
 317   3                              {
 318   4                              LCDSendData(*str++);
 319   4                              }
 320   3                      }break;
 321   2                      case 3:
 322   2                      {
 323   3                              LCDSendCommand(0x88|col);
 324   3                              while(*str)
 325   3                              {
 326   4                              LCDSendData(*str++);
 327   4                              }
 328   3                      }break;
 329   2                      case 4:
 330   2                      {
 331   3                              LCDSendCommand(0x98|col);
 332   3                              while(*str)
 333   3                              {
 334   4                              LCDSendData(*str++);
 335   4                              }
 336   3                      }break;
 337   2      
 338   2                      default: 
 339   2                      {
 340   3                              while(*str)
 341   3                              {
 342   4                              LCDSendData(*str++);
 343   4                              }
 344   3                      }break;
 345   2              }
 346   1              if (onoff) {
 347   2                      LcdDesppayInt(data_input);
 348   2              }
 349   1      }
 350          
 351          /*************************************************************************************************
 352          *****
 353          ***** 函数名：void Display_Char12864(unsigned char row,unsigned char col,uc * str,unsigned int data_input)
 354          *****
 355          ***** 入口参数：unsigned char row――显示的行数，取值范围1-4
 356          *****                   unsigned char col――显示的列数，取值范围0-15
 357          *****                   uc * str――显示的英文字符串
 358          *****                   uc unsigned int data_input――显示的8位整数值
 359          ***** 
 360          ***** 功能描述：LCD显示中文汉字函数，调用此函数可设置在第几行、第几列显示英文字符串和整数;              
 361          *****                   调试用，可用来显示复眼通道号和相应最大值                                
C51 COMPILER V9.56.0.0   LCD_12864                                                         02/27/2023 16:10:31 PAGE 7   

 362          *****
 363          ***** 返回值：无
 364          *****
 365          ***** 作者：FeiChen
 366          **************************************************************************************************/
 367          void Display_Char12864(unsigned char row,unsigned char col,unsigned char *str,unsigned char data_input)
 368            {
 369   1              LCDSendCommand(0x02);
 370   1              switch(row)
 371   1                {
 372   2                      case 1:
 373   2                        {
 374   3                              LCDSendCommand(0x80|col);
 375   3                              while(*str)
 376   3                                {
 377   4                              LCDSendData(*str++);
 378   4                              
 379   4                                }
 380   3                        }break;
 381   2                      case 2:
 382   2                        {
 383   3                              LCDSendCommand(0x90|col);
 384   3                              while(*str)
 385   3                                {
 386   4                              LCDSendData(*str++);
 387   4                                }
 388   3                        }break;
 389   2                      case 3:
 390   2                        {
 391   3                              LCDSendCommand(0x88|col);
 392   3                              while(*str)
 393   3                                {
 394   4                              LCDSendData(*str++);
 395   4                                }
 396   3                        }break;
 397   2                      case 4:
 398   2                        {
 399   3                              LCDSendCommand(0x98|col);
 400   3                              while(*str)
 401   3                                {
 402   4                              LCDSendData(*str++);
 403   4                                }
 404   3                        }break;
 405   2      
 406   2                      default: 
 407   2                        {
 408   3                              while(*str)
 409   3                                {
 410   4                              LCDSendData(*str++);
 411   4                                }
 412   3                        }break;
 413   2                }
 414   1                      DesppayChar(data_input);
 415   1        }
 416          
 417          /*************************************************************************************************
 418          *****
 419          ***** 函数名：void LcdDesppayInt(unsigned int uiData)
 420          *****
 421          ***** 入口参数：unsigned int uiData――需要显示的整数值
 422          *****                   
 423          *****   
C51 COMPILER V9.56.0.0   LCD_12864                                                         02/27/2023 16:10:31 PAGE 8   

 424          ***** 
 425          ***** 功能描述：LCD显示整数函数         
 426          *****                   将传进来的整数值按ASCII码形式送入显示屏显示，只正常显示000-99999
 427          *****                                           
 428          *****
 429          ***** 返回值：无
 430          *****
 431          ***** 作者：FeiChen
 432          **************************************************************************************************/
 433          void LcdDesppayInt(unsigned int uiData)
 434          {
 435   1        xdata char ucStrDisp[6] = {'0','0','0','0','0','0'};//保存整数的ASCII在临时数组中
 436   1        xdata unsigned char i = 0;
 437   1        xdata unsigned char dataNum=0;//显示几位数
 438   1      //至少显示3位数  
 439   1        if(uiData<1000)
 440   1          {
 441   2            ucStrDisp[0] = (char)(uiData/100+48);//将数字转成对应的ASCII码
 442   2            ucStrDisp[1] = (char)((uiData/10)%10+48);
 443   2            ucStrDisp[2] = (char)(uiData%10+48);
 444   2            dataNum = 3;
 445   2            
 446   2          }
 447   1        //显示4位数 
 448   1        else if(1000<=uiData && uiData<10000)
 449   1          {
 450   2            ucStrDisp[0] = (char)(uiData/1000 + 48);
 451   2            ucStrDisp[1] = (char)((uiData/100)%10 + 48);
 452   2            ucStrDisp[2] = (char)((uiData/10)%10 + 48);
 453   2            ucStrDisp[3] = (char)(uiData%10 + 48);
 454   2            dataNum = 4;
 455   2          }
 456   1        //显示5位数 
 457   1        else if(10000<=uiData && uiData<100000)
 458   1          {
 459   2            ucStrDisp[0] = (char)(uiData/10000 + 48);
 460   2            ucStrDisp[1] = (char)((uiData/1000)%10 + 48);
 461   2            ucStrDisp[2] = (char)((uiData/100)%10 + 48);
 462   2            ucStrDisp[3] = (char)((uiData/10)%10 + 48);
 463   2            ucStrDisp[4] = (char)(uiData%10 + 48);
 464   2            dataNum = 5;
 465   2          }
 466   1        //调用数值过大则只显示99999
 467   1        else
 468   1          {
 469   2          ucStrDisp[0] = '9';
 470   2          ucStrDisp[1] = '9';
 471   2          ucStrDisp[2] = '9';
 472   2          ucStrDisp[3] = '9';
 473   2          ucStrDisp[4] = '9';
 474   2          }
 475   1              //发送对应几位数的ASCII码进行显示
 476   1        while(dataNum--)
 477   1          {  
 478   2            LCDSendData(ucStrDisp[i]);
 479   2            i++;
 480   2          }
 481   1      }
 482          
 483          /*************************************************************************************************
 484          *****
 485          ***** 函数名：void LcdDesppayChar(unsigned char uiData)
C51 COMPILER V9.56.0.0   LCD_12864                                                         02/27/2023 16:10:31 PAGE 9   

 486          *****
 487          ***** 入口参数：unsigned char uiData――需要显示的8位整数值
 488          *****                   
 489          *****   
 490          ***** 
 491          ***** 功能描述：LCD显示整数函数         
 492          *****                   将传进来的整数值按ASCII码形式送入显示屏显示，只正常显示000-999
 493          *****                                           
 494          *****
 495          ***** 返回值：无
 496          *****
 497          ***** 作者：Yan Xijun
 498          **************************************************************************************************/
 499          
 500          void DesppayChar(unsigned char uiData)
 501          {
 502   1        xdata char ucStrDisp[3] = {'0','0','0'};//保存整数的ASCII在临时数组中
 503   1        xdata unsigned char i = 0;
 504   1        xdata unsigned char dataNum=3;//显示几位数
 505   1        ucStrDisp[0] = (char)(uiData/100+48);//将数字转成对应的ASCII码
 506   1        ucStrDisp[1] = (char)((uiData/10)%10+48);
 507   1        ucStrDisp[2] = (char)(uiData%10+48);
 508   1      //  dataNum = 3;
 509   1        //发送对应几位数的ASCII码进行显示
 510   1        while(dataNum--)
 511   1          {
 512   2            LCDSendData(ucStrDisp[i]);
 513   2            i++;
 514   2          }
 515   1      }
 516          


MODULE INFORMATION:   STATIC OVERLAYABLE
   CODE SIZE        =   1577    ----
   CONSTANT SIZE    =      9    ----
   XDATA SIZE       =   ----      39
   PDATA SIZE       =   ----    ----
   DATA SIZE        =   ----    ----
   IDATA SIZE       =   ----    ----
   BIT SIZE         =   ----       1
END OF MODULE INFORMATION.


C51 COMPILATION COMPLETE.  0 WARNING(S),  0 ERROR(S)
