C51 COMPILER V9.56.0.0   PWM_C                                                             02/27/2023 16:10:31 PAGE 1   


C51 COMPILER V9.56.0.0, COMPILATION OF MODULE PWM_C
OBJECT MODULE PLACED IN pwm_c.OBJ
COMPILER INVOKED BY: D:\Keil\C51\BIN\C51.exe pwm_c.c DB OE BR LARGE INCDIR(E:\Study Soft\silicon\Inc;c:\SiLabs\MCU\Inc)

line level    source

   1          
   2          /*********************************************************************************************************
             -*
   3          **** 文件名：pwm_c.c
   4          **** 
   5          **** 文件描述：PWM电机调速和转向函数库
   6          ****               电机速度控制线：CPP0 ----- P0.6    CPP1 ----- P0.7    CPP2 ----- P1.0        CPP3 ----- P1.1
   7          ****                                               CPP4 ----- P1.2        CPP5 ----- P1.3
   8          ****               电机方向控制性：DIR0 ----- P3.5        DIR1 ----- P1.4        DIR2 ----- P1.5        DIR3 ----- P1.6
   9          ****                                               DIR4 ----- P3.6        DIR5 ----- 由主板JP1端口跳接电源和地来硬件切换方向
  10          
  11          
  12          ****               电机方向控制性：DIR0 ----- P3.1        DIR1 ----- P1.4        DIR2 ----- P1.5        DIR3 ----- P1.6
  13          ****                                               DIR4 ----- P3.2        DIR5 ----- 由主板JP1端口跳接电源和地来硬件切换方向        2014.7.28主板
  14          ****                    
  15          ****
  16          **** 创建人：FeiChen
  17          **** 
  18          **** 版本号：1.0
  19          **** 
  20          **** 修改记录：
  21          **** 
  22          **** 
  23          ****
  24          **********************************************************************************************************
             -*/
  25          
  26          
  27          
  28          #include"pwm_h.h"
  29          /*************************************************************************************************
  30          *****
  31          ***** 函数名：void PWM_Init()
  32          *****
  33          ***** 入口参数：无
  34          *****
  35          *****
  36          ***** 功能描述：PWM初始化函数：设置8位PWM模式，比较器功能使能，PWM使能，允许PCA计数
  37          *****                                                   初始化结尾处关闭电机转动
  38          *****           PWM端口初始化，配置所有电机要使用的端口为推挽输出，使能PCA交叉开关允许位
  39          *****                   电机速度控制线：CPP0 ----- P0.6    CPP1 ----- P0.7    CPP2 ----- P1.0   CPP3 ----- P1.1
  40          *****                                                   CPP4 ----- P1.2   CPP5 ----- P1.3
  41          *****                   电机方向控制性：DIR0 ----- P3.5   DIR1 ----- P1.4        DIR2 ----- P1.5        DIR3 ----- P1.6
  42          *****                                               DIR4 ----- P3.6       DIR5 ----- 由主板JP1端口跳接电源和地来硬件切换方向                                                    
  43          *****              
  44          *****
  45          ***** 返回值：无
  46          *****
  47          ***** 作者：FeiChen
  48          **************************************************************************************************/
  49          
  50          void PWM_Init()
  51          {
  52   1              unsigned char SFRPAGE_save = SFRPAGE; 
  53   1      
C51 COMPILER V9.56.0.0   PWM_C                                                             02/27/2023 16:10:31 PAGE 2   

  54   1      
  55   1              SFRPAGE = CONFIG_PAGE;             
  56   1              
  57   1              PCA0MD = 0x08;              //PCA计数时钟源采用系统时钟
  58   1      
  59   1              PCA0CPM0 = 0x42;            //6路PCA为8位PWM 模式，比较器功能使能，PWM使能
  60   1              PCA0CPM1 = 0x42;
  61   1              PCA0CPM2 = 0x42;
  62   1              PCA0CPM3 = 0x42;
  63   1              PCA0CPM4 = 0x42;
  64   1              PCA0CPM5 = 0x42;
  65   1      
  66   1              PCA0CPH0 = 0x00;                        //配置PCA占空比，0(最大占空比)~0xFF(最小占空比)
  67   1              PCA0CPH1 = 0x00;                        //
  68   1              PCA0CPH2 = 0x00;                        //针对大功率电机控制板
  69   1              PCA0CPH3 = 0x00;
  70   1              PCA0CPH4 = 0x00;
  71   1              PCA0CPH5 = 0x00;
  72   1      
  73   1              CR = 1;                                 //允许PCA计数，定时
  74   1      
  75   1              SFRPAGE = SFRPAGE_save; 
  76   1              
  77   1              DC_Motor(1,1,0);                        //初始化完成后设置各路电机静止
  78   1              DC_Motor(2,1,0);
  79   1              DC_Motor(3,1,0);
  80   1              DC_Motor(4,1,0); 
  81   1              DC_Motor(5,1,0);
  82   1              DC_Motor(6,1,0);
  83   1                   
  84   1      }
  85          
  86          /*************************************************************************************************
  87          *****
  88          ***** 函数名：void DC_Motor(unsigned char motor_num,unsigned char direction, unsigned char motor_speed)
  89          *****
  90          *****
  91          ***** 入口参数：motor_num 电机号，使能第几路电机输出。取值为1-6，共有6路电机输出可用
  92          *****                   
  93          *****                   direction 电机方向选择，取值0――正转，1――停止，2――反转
  94          *****                   motor_speed 电机速度选择，取值范围：0-100，0――停止，100――最大速度
  95          *****
  96          *****
  97          ***** 功能描述：PWM端口初始化，配置所有电机要使用的端口为推挽输出，使能PCA交叉开关允许位
  98          *****                   电机速度控制线：CPP0 ----- P0.6    CPP1 ----- P0.7    CPP2 ----- P1.0   CPP3 ----- P1.1
  99          *****                                                   CPP4 ----- P1.2   CPP5 ----- P1.3
 100          *****                   电机方向控制性：DIR0 ----- P3.5   DIR1 ----- P1.4        DIR2 ----- P1.5        DIR3 ----- P1.6
 101          *****                                               DIR4 ----- P3.6       DIR5 ----- 由主板JP1端口跳接电源和地来硬件切换方向                                                    
 102          *****              
 103          *****
 104          ***** 返回值：无 
 105          *****
 106          ***** 作者：FeiChen
 107          **************************************************************************************************/
 108          /******************************************************************************
 109          //! 函数名：void DC_Motor(uc motor_num,uc direction, uc motor_speed)
 110          //! 函数功能：改变PWM占空比
 111          ******************************************************************************/
 112          void 
 113          DC_Motor(unsigned char motor_num,unsigned char direction, unsigned char motor_speed)
 114          {
 115   1              unsigned char SFRPAGE_save = SFRPAGE; 
C51 COMPILER V9.56.0.0   PWM_C                                                             02/27/2023 16:10:31 PAGE 3   

 116   1              
 117   1              SFRPAGE = CONFIG_PAGE;
 118   1      
 119   1              //ucMotorSpeed = (float)(motor_speed)/100;
 120   1              //若电机速度为0，则直接停止PCA中PCA0PHn寄存器，即，直接关闭电机转动
 121   1              //此时不管电机的方向如何，均是停止转动电机
 122   1              if(!motor_speed)
 123   1              {
 124   2                      switch(motor_num)
 125   2                      {
 126   3                              case 1:
 127   3                              
 128   3                                      PCA0CPH0 = 255;         //针对大功率电机控制板
 129   3      
 130   3                                      break;
 131   3      
 132   3                              case 2:
 133   3                      
 134   3                                      PCA0CPH1 = 255;
 135   3      
 136   3                                      break;
 137   3      
 138   3                              case 3:
 139   3                              
 140   3                                      PCA0CPH2 = 255;
 141   3      
 142   3                                      break;
 143   3      
 144   3                              case 4:
 145   3                              
 146   3                              
 147   3                                      PCA0CPH3 = 255;
 148   3      
 149   3                                      break;
 150   3      
 151   3                      case 5:         
 152   3                              
 153   3                                      PCA0CPH4 = 255;
 154   3      
 155   3                                      break;
 156   3      
 157   3                              case 6:         
 158   3                      
 159   3                                      PCA0CPH5 = 255;
 160   3      
 161   3                                      break;
 162   3      
 163   3                          default: break;
 164   3                      }
 165   2              }
 166   1      
 167   1              else 
 168   1      
 169   1              //电机速度控制
 170   1              //首先确定哪路电机，然后确定对应电机速度的大小
 171   1              
 172   1              switch(motor_num)
 173   1              {
 174   2                      case 1:
 175   2                              
 176   2                              PCA0CPH0 = 255-(motor_speed+116);
 177   2                              break;
C51 COMPILER V9.56.0.0   PWM_C                                                             02/27/2023 16:10:31 PAGE 4   

 178   2      
 179   2                      case 2:
 180   2                       
 181   2                              PCA0CPH1 = 255-(motor_speed+116);       // (motor_speed+125)
 182   2                              break;
 183   2      
 184   2                      case 3:
 185   2                              
 186   2                              PCA0CPH2 =255-(motor_speed+116);
 187   2                              break;
 188   2      
 189   2                      case 4:
 190   2                                      
 191   2                              PCA0CPH3 = 255-(motor_speed+116);               //(motor_speed+125)
 192   2                              break;
 193   2      
 194   2              case 5:         
 195   2                              
 196   2                              PCA0CPH4 =255-(motor_speed+116);
 197   2                              break;
 198   2      
 199   2                      case 6:         
 200   2                      
 201   2                              PCA0CPH5 = 255- (motor_speed+116);
 202   2                              break;
 203   2      
 204   2                  default: break;
 205   2              }
 206   1              
 207   1              
 208   1              switch(direction)
 209   1              {
 210   2                      //电机正向转动模式，针对大功率电机控制板
 211   2                      case 0: 
 212   2      
 213   2                              if(motor_num==1) DIR0=0; //P3.5 = 0,即DIR0置0      主板版本号：2012 3 28
 214   2                              if(motor_num==2) DIR1=0; //P1.4 = 0,即DIR1置0
 215   2                              if(motor_num==3) DIR2=0; //P1.5 = 0,即DIR2置0
 216   2                              if(motor_num==4) DIR3=0; //P1.6 = 0,即DIR3置0
 217   2                              if(motor_num==5) DIR4=0; //P3.6 = 0,即DIR4置0
 218   2                      
 219   2                              break;
 220   2                              
 221   2                              
 222   2                      //停止模式，针对大功率电机控制板        
 223   2                      case 1: 
 224   2      
 225   2                              if(motor_num==1) PCA0CPH0 = 255;
 226   2                              if(motor_num==2) PCA0CPH1 = 255;
 227   2                              if(motor_num==3) PCA0CPH2 = 255;
 228   2                              if(motor_num==4) PCA0CPH3 = 255;
 229   2                              if(motor_num==5) PCA0CPH4 = 255;
 230   2                              if(motor_num==6) PCA0CPH5 = 255;        //DIR5的方向有主板上JP1端口跳接电源和地来实现
 231   2                                                                                              //但停止是通过关闭PCA0计数寄存器实现的  
 232   2                              break;
 233   2                              
 234   2      
 235   2                      //电机反向转动模式，针对大功率电机控制板
 236   2                      case 2: 
 237   2                      
 238   2                              if(motor_num==1) DIR0=1;  //P3.5 = 1,即DIR0置1；       主板版本号：2012 3 28
 239   2                              if(motor_num==2) DIR1=1;  //P1.4 = 1,即DIR1置1；
C51 COMPILER V9.56.0.0   PWM_C                                                             02/27/2023 16:10:31 PAGE 5   

 240   2                              if(motor_num==3) DIR2=1;  //P1.5 = 1,即DIR2置1；
 241   2                              if(motor_num==4) DIR3=1;  //P1.6 = 1,即DIR3置1；
 242   2                              if(motor_num==5) DIR4=1;  //P3.6 = 1,即DIR4置1；
 243   2      
 244   2                              break;
 245   2      
 246   2                      default: break;
 247   2      }
 248   1      
 249   1              SFRPAGE = SFRPAGE_save;
 250   1      }
 251          /**********************************************************************************
 252          //! 文件结束
 253          **********************************************************************************/
 254           
 255          
 256                  


MODULE INFORMATION:   STATIC OVERLAYABLE
   CODE SIZE        =    342    ----
   CONSTANT SIZE    =   ----    ----
   XDATA SIZE       =   ----    ----
   PDATA SIZE       =   ----    ----
   DATA SIZE        =   ----    ----
   IDATA SIZE       =   ----    ----
   BIT SIZE         =   ----    ----
END OF MODULE INFORMATION.


C51 COMPILATION COMPLETE.  0 WARNING(S),  0 ERROR(S)
